
                            < M A T L A B (R) >
                  Copyright 1984-2021 The MathWorks, Inc.
             R2021a Update 3 (9.10.0.1684407) 64-bit (glnxa64)
                                May 27, 2021

 
To get started, type doc.
For product information, visit www.mathworks.com.
 

initf =

    'sol'


regm =

    'TV-L1'


whichlambda =

    'lmus'


dims =

       16384       32768       65536      131072      262144

Butterfly Factorization explicit version started...

Space  Frequence
  npx    npk
  256    256

Compression levels: 1
Preallocated sparse matrix size: 52428800, about 4.69 GB
