ButterflyPACK Version: 1.2.1
M 4000 N 4000
  
 ***************************
 Printing Solver Options:
         Nmin_leaf      64
            n_iter    1000
       level_check   10000
            precon       1
           xyzsort       0
             lnoBP   40000
         bp_cnt_lr       0
      TwoLayerOnly       1
       schulzorder       3
   schulzhardstart       0
  schulzsplitlevel       1
       schulzlevel    3000
           LRlevel     100
        BACA_Batch     100
        RecLR_leaf       5
             nogeo       1
        LR_BLK_NUM       1
             rank0      32
           itermax      10
           powiter       0
               ILU       0
           Nbundle       1
         verbosity       2
              rmax    3000
    forwardN15flag       0
          pat_comp       3
      elem_extract       0
               cpp       1
               knn       0
       ErrFillFull       0
            ErrSol       0
        less_adapt       1
          rankrate 1.5000000E+00
          tol_comp 1.0000000E-09
       tol_Rdetect 3.0000000E-09
            tol_LS 1.0000000E-12
       tol_itersol 1.0000000E-06
          tol_rand 1.0000000E-08
        touch_para 0.0000000E+00
         near_para 1.0000000E-14
     knn_near_para 2.0000000E+01
      scale_factor 1.0000000E+00
       sample_para 2.0000000E+00
 sample_para_outer 2.0000000E+00
 ***************************
  
 NUMBER_MPI=           4
 OMP_NUM_THREADS=           1
 HODLR_BUTTERFLY_SOLVER
    
 User-supplied kernel:
     
 Hierarchical format......
 
 Maxlevel_for_blocks:           6
 N_leaf:          62
 
 Constructing basis groups...
 Hierarchical format finished
     
 NUMBER_MPI=           4
 OMP_NUM_THREADS=           1
 HODLR_BUTTERFLY_SOLVER
    
 User-supplied kernel:
     
 Hierarchical format......
 
 Maxlevel_for_blocks:           6
 N_leaf:          62
 
 Constructing basis groups...
 Hierarchical format finished
     
 NUMBER_MPI=           4
 OMP_NUM_THREADS=           1
  
 EntryExtraction-based BF construction......
    BF_CheckError: fnorm: 2.0000000E+02 2.0000000E+02 acc:  1.39E-07 time:  1.29E-01
 EntryExtraction-based BF construction finished

Printing stats of the first BF: 
         Constr time:      2.59E+00 Seconds
      EntryEval time:      3.66E-01 Seconds
      traversal time:      8.02E-06 Seconds
     BF compute time:      1.28E-01 Seconds
    communicate time:      8.66E-04 Seconds
      Tot constr mem:      8.96E+01 MB
        Constr flops:      3.76E+10
  Rank before factor:           133
         Factor time:      0.00E+00 Seconds
      Tot factor mem:      0.00E+00 MB
        Factor flops:      0.00E+00
          Solve time:      0.00E+00 Seconds
         Solve flops:      0.00E+00
         C_mult time:      0.00E+00 Seconds
        C_mult flops:      0.00E+00
      C_extract time:      0.00E+00 Seconds
     C_extract flops:      0.00E+00
            Peak mem:      2.24E+01 MB
 NUMBER_MPI=           4
 OMP_NUM_THREADS=           1
 HODLR_BUTTERFLY_SOLVER
    
 User-supplied kernel:
     
 Hierarchical format......
 
 Maxlevel_for_blocks:           6
 N_leaf:          62
 
 Constructing basis groups...
 Hierarchical format finished
     
 FastMATVEC-based Matrix construction......
    Level     1 rank:   25 Ntrial:  1 L_butt:  0 error: 5.4705994E-07 #sample:   33
    Level     2 rank:   15 Ntrial:  1 L_butt:  0 error: 4.9616033E-07 #sample:   26
    Level     3 rank:   11 Ntrial:  1 L_butt:  0 error: 6.7470107E-07 #sample:   16
    Level     4 rank:   10 Ntrial:  1 L_butt:  0 error: 7.1111606E-07 #sample:   12
    Level     5 rank:   10 Ntrial:  1 L_butt:  0 error: 6.0058193E-07 #sample:   11
    Level     6 rank:   10 Ntrial:  1 L_butt:  0 error: 5.4242197E-07 #sample:   11
    Level     7 fullmat done
 rankmax_of_level:           0          25          15          11          10          10          10
 FastMATVEC-based Matrix construction finished   2.4595046434551477      secnds. Error:    8.8046815455492971E-008
 
 Computing block inverse at level Maxlevel+1...
 Computing block inverse at higher levels...
 update forward blocks at level:           6
 OneL No.     1 rank:  9 L_butt:  0     error: 0.0000000E+00
 OneL No.     2 rank:  8 L_butt:  0     error: 0.0000000E+00
 OneL No.     3 rank:  9 L_butt:  0     error: 0.0000000E+00
 OneL No.     4 rank:  9 L_butt:  0     error: 0.0000000E+00
 OneL No.     5 rank:  9 L_butt:  0     error: 0.0000000E+00
 OneL No.     6 rank:  9 L_butt:  0     error: 0.0000000E+00
 OneL No.     7 rank:  8 L_butt:  0     error: 0.0000000E+00
 OneL No.     8 rank:  9 L_butt:  0     error: 0.0000000E+00
 OneL No.     9 rank:  9 L_butt:  0     error: 0.0000000E+00
 OneL No.    10 rank:  9 L_butt:  0     error: 0.0000000E+00
 OneL No.    11 rank:  8 L_butt:  0     error: 0.0000000E+00
 OneL No.    12 rank:  8 L_butt:  0     error: 0.0000000E+00
 OneL No.    13 rank:  9 L_butt:  0     error: 0.0000000E+00
 OneL No.    14 rank:  9 L_butt:  0     error: 0.0000000E+00
 OneL No.    15 rank:  8 L_butt:  0     error: 0.0000000E+00
 OneL No.    16 rank:  9 L_butt:  0     error: 0.0000000E+00
 compute block inverse at level:           6
 OneL No.     1 rank:  8 L_butt:  0     error: 0.0000000E+00
 OneL No.     2 rank:  9 L_butt:  0     error: 0.0000000E+00
 OneL No.     3 rank:  9 L_butt:  0     error: 0.0000000E+00
 OneL No.     4 rank:  9 L_butt:  0     error: 0.0000000E+00
 OneL No.     5 rank:  9 L_butt:  0     error: 0.0000000E+00
 OneL No.     6 rank:  8 L_butt:  0     error: 0.0000000E+00
 OneL No.     7 rank:  9 L_butt:  0     error: 0.0000000E+00
 OneL No.     8 rank:  9 L_butt:  0     error: 0.0000000E+00
 update forward blocks at level:           5
 OneL No.     1 rank: 10 L_butt:  0     error: 0.0000000E+00
 OneL No.     2 rank: 10 L_butt:  0     error: 0.0000000E+00
 OneL No.     3 rank: 10 L_butt:  0     error: 0.0000000E+00
 OneL No.     4 rank: 10 L_butt:  0     error: 0.0000000E+00
 OneL No.     5 rank: 10 L_butt:  0     error: 0.0000000E+00
 OneL No.     6 rank: 10 L_butt:  0     error: 0.0000000E+00
 OneL No.     7 rank: 10 L_butt:  0     error: 0.0000000E+00
 OneL No.     8 rank: 10 L_butt:  0     error: 0.0000000E+00
 compute block inverse at level:           5
 OneL No.     1 rank: 10 L_butt:  0     error: 0.0000000E+00
 OneL No.     2 rank: 10 L_butt:  0     error: 0.0000000E+00
 OneL No.     3 rank: 10 L_butt:  0     error: 0.0000000E+00
 OneL No.     4 rank: 10 L_butt:  0     error: 0.0000000E+00
 update forward blocks at level:           4
 OneL No.     1 rank: 10 L_butt:  0     error: 0.0000000E+00
 OneL No.     2 rank: 10 L_butt:  0     error: 0.0000000E+00
 OneL No.     3 rank: 10 L_butt:  0     error: 0.0000000E+00
 OneL No.     4 rank: 10 L_butt:  0     error: 0.0000000E+00
 compute block inverse at level:           4
 OneL No.     1 rank: 10 L_butt:  0     error: 0.0000000E+00
 OneL No.     2 rank: 10 L_butt:  0     error: 0.0000000E+00
 update forward blocks at level:           3
 OneL No.     1 rank: 10 L_butt:  0     error: 0.0000000E+00
 OneL No.     2 rank: 10 L_butt:  0     error: 0.0000000E+00
 compute block inverse at level:           3
 OneL No.     1 rank: 10 L_butt:  0     error: 0.0000000E+00
 update forward blocks at level:           2
 OneL No.     1 rank: 13 L_butt:  0     error: 0.0000000E+00
 compute block inverse at level:           2
 OneL No.     1 rank: 13 L_butt:  0     error: 0.0000000E+00
 update forward blocks at level:           1
 OneL No.     1 rank: 25 L_butt:  0     error: 0.0000000E+00
 compute block inverse at level:           1
 OneL No.     1 rank: 25 L_butt:  0     error: 0.0000000E+00
 computing updated forward block time:   2.2331621497869492E-002 Seconds
 computing inverse block time:   6.0976576060056686E-003 Seconds
      Time_Init:   1.2592040002346039E-004
      Time_MVP:   0.0000000000000000     
      Time_Reconstruct:   0.0000000000000000     
      Time_Onesub:   0.0000000000000000     
      Time_OneBlock_XX:   0.0000000000000000     
      Time_SMW:   2.8609801083803177E-003
      Time_PartialUpdate:   0.0000000000000000     
      Time_RedistB:   1.2345500290393829E-003
      Time_RedistV:   3.2200004905462265E-002
 time_tmp   0.0000000000000000     
 time_tmp1   2.2395465802401304     
 time_tmp2   2.3374468106776476     
 time_tmp3   0.0000000000000000     
 time_tmp4   0.0000000000000000     
 time_tmp5   0.0000000000000000     
 Factorization flops:      4.86E+08
 
   4.8832500000000003      MB costed for butterfly inverse blocks
   9.7460937500000000      MB costed for butterfly Sblocks
   3.9065000000000007      MB costed for direct inverse blocks
   0.0000000000000000      MB costed for storing intermidiate vectors
 
 Solve ......
 Solve finished
     
|x-xtrue|/|xtrue| for inverse FIO: 1.51585e-08
Printing stats of the second HODLR: 
         Constr time:      2.45E+00 Seconds
      EntryEval time:      0.00E+00 Seconds
      traversal time:      0.00E+00 Seconds
     BF compute time:      0.00E+00 Seconds
    communicate time:      0.00E+00 Seconds
      Tot constr mem:      1.37E+01 MB
        Constr flops:      1.86E+09
  Rank before factor:            25
         Factor time:      3.60E-02 Seconds
      Tot factor mem:      1.85E+01 MB
        Factor flops:      4.86E+08
   Rank after factor:            25
          Solve time:      9.61E-04 Seconds
         Solve flops:      9.49E+06
         C_mult time:      0.00E+00 Seconds
        C_mult flops:      0.00E+00
      C_extract time:      0.00E+00 Seconds
     C_extract flops:      0.00E+00
            Peak mem:      8.26E+00 MB
