ButterflyPACK Version: 1.2.1
M 32000 N 32000
  
 ***************************
 Printing Solver Options:
         Nmin_leaf      64
            n_iter    1000
       level_check   10000
            precon       1
           xyzsort       0
             lnoBP   40000
         bp_cnt_lr       0
      TwoLayerOnly       1
       schulzorder       3
   schulzhardstart       0
  schulzsplitlevel       1
       schulzlevel    3000
           LRlevel     100
        BACA_Batch     100
        RecLR_leaf       5
             nogeo       1
        LR_BLK_NUM       1
             rank0      32
           itermax      10
           powiter       0
               ILU       0
           Nbundle       1
         verbosity       2
              rmax    3000
    forwardN15flag       0
          pat_comp       3
      elem_extract       0
               cpp       1
               knn       0
       ErrFillFull       0
            ErrSol       0
        less_adapt       1
          rankrate 1.5000000E+00
          tol_comp 1.0000000E-09
       tol_Rdetect 3.0000000E-09
            tol_LS 1.0000000E-12
       tol_itersol 1.0000000E-06
          tol_rand 1.0000000E-08
        touch_para 0.0000000E+00
         near_para 1.0000000E-14
     knn_near_para 2.0000000E+01
      scale_factor 1.0000000E+00
       sample_para 2.0000000E+00
 sample_para_outer 2.0000000E+00
 ***************************
  
 NUMBER_MPI=           4
 OMP_NUM_THREADS=           1
 HODLR_BUTTERFLY_SOLVER
    
 User-supplied kernel:
     
 Hierarchical format......
 
 Maxlevel_for_blocks:           9
 N_leaf:          62
 
 Constructing basis groups...
 Hierarchical format finished
     
 NUMBER_MPI=           4
 OMP_NUM_THREADS=           1
 HODLR_BUTTERFLY_SOLVER
    
 User-supplied kernel:
     
 Hierarchical format......
 
 Maxlevel_for_blocks:           9
 N_leaf:          62
 
 Constructing basis groups...
 Hierarchical format finished
     
 NUMBER_MPI=           4
 OMP_NUM_THREADS=           1
  
 EntryExtraction-based BF construction......
    BF_CheckError: fnorm: 2.0000000E+02 2.0000000E+02 acc:  3.17E-09 time:  5.72E-01
 EntryExtraction-based BF construction finished

Printing stats of the first BF: 
         Constr time:      2.94E+01 Seconds
      EntryEval time:      3.31E+00 Seconds
      traversal time:      1.03E-05 Seconds
     BF compute time:      5.71E-01 Seconds
    communicate time:      1.04E-03 Seconds
      Tot constr mem:      1.01E+03 MB
        Constr flops:      4.42E+11
  Rank before factor:            85
         Factor time:      0.00E+00 Seconds
      Tot factor mem:      0.00E+00 MB
        Factor flops:      0.00E+00
          Solve time:      0.00E+00 Seconds
         Solve flops:      0.00E+00
         C_mult time:      0.00E+00 Seconds
        C_mult flops:      0.00E+00
      C_extract time:      0.00E+00 Seconds
     C_extract flops:      0.00E+00
            Peak mem:      2.53E+02 MB
 NUMBER_MPI=           4
 OMP_NUM_THREADS=           1
 HODLR_BUTTERFLY_SOLVER
    
 User-supplied kernel:
     
 Hierarchical format......
 
 Maxlevel_for_blocks:           9
 N_leaf:          62
 
 Constructing basis groups...
 Hierarchical format finished
     
 FastMATVEC-based Matrix construction......
    Level     1 rank:    1 Ntrial:  1 L_butt:  0 error: 9.9367197E-01 #sample:   33
    Level     2 rank:    1 Ntrial:  1 L_butt:  0 error: 1.0042159E+00 #sample:    2
    Level     3 rank:    1 Ntrial:  1 L_butt:  0 error: 1.0084327E+00 #sample:    2
    Level     4 rank:    1 Ntrial:  1 L_butt:  0 error: 1.0073301E+00 #sample:    2
    Level     5 rank:    1 Ntrial:  1 L_butt:  0 error: 1.0010477E+00 #sample:    2
    Level     6 rank:    1 Ntrial:  1 L_butt:  0 error: 1.0297511E+00 #sample:    2
    Level     7 rank:    1 Ntrial:  1 L_butt:  0 error: 1.0268632E+00 #sample:    2
    Level     8 rank:    1 Ntrial:  1 L_butt:  0 error: 1.0567780E+00 #sample:    2
    Level     9 rank:    1 Ntrial:  1 L_butt:  0 error: 1.0732627E+00 #sample:    2
    Level    10 fullmat done
 rankmax_of_level:           0           1           1           1           1           1           1           1           1           1
 FastMATVEC-based Matrix construction finished   25.880124976858497      secnds. Error:    1.1575855070075640E-008
 
 Computing block inverse at level Maxlevel+1...
 Computing block inverse at higher levels...
 update forward blocks at level:           9
 OneL No.     1 rank:  1 L_butt:  0     error: 0.0000000E+00
 OneL No.     2 rank:  1 L_butt:  0     error: 0.0000000E+00
 OneL No.     3 rank:  1 L_butt:  0     error: 0.0000000E+00
 OneL No.     4 rank:  1 L_butt:  0     error: 0.0000000E+00
 OneL No.     5 rank:  1 L_butt:  0     error: 0.0000000E+00
 OneL No.     6 rank:  1 L_butt:  0     error: 0.0000000E+00
 OneL No.     7 rank:  1 L_butt:  0     error: 0.0000000E+00
 OneL No.     8 rank:  1 L_butt:  0     error: 0.0000000E+00
 OneL No.     9 rank:  1 L_butt:  0     error: 0.0000000E+00
 OneL No.    10 rank:  1 L_butt:  0     error: 0.0000000E+00
 OneL No.    11 rank:  1 L_butt:  0     error: 0.0000000E+00
 OneL No.    12 rank:  1 L_butt:  0     error: 0.0000000E+00
 OneL No.    13 rank:  1 L_butt:  0     error: 0.0000000E+00
 OneL No.    14 rank:  1 L_butt:  0     error: 0.0000000E+00
 OneL No.    15 rank:  1 L_butt:  0     error: 0.0000000E+00
 OneL No.    16 rank:  1 L_butt:  0     error: 0.0000000E+00
 OneL No.    17 rank:  1 L_butt:  0     error: 0.0000000E+00
 OneL No.    18 rank:  1 L_butt:  0     error: 0.0000000E+00
 OneL No.    19 rank:  1 L_butt:  0     error: 0.0000000E+00
 OneL No.    20 rank:  1 L_butt:  0     error: 0.0000000E+00
 OneL No.    21 rank:  1 L_butt:  0     error: 0.0000000E+00
 OneL No.    22 rank:  1 L_butt:  0     error: 0.0000000E+00
 OneL No.    23 rank:  1 L_butt:  0     error: 0.0000000E+00
 OneL No.    24 rank:  1 L_butt:  0     error: 0.0000000E+00
 OneL No.    25 rank:  1 L_butt:  0     error: 0.0000000E+00
 OneL No.    26 rank:  1 L_butt:  0     error: 0.0000000E+00
 OneL No.    27 rank:  1 L_butt:  0     error: 0.0000000E+00
 OneL No.    28 rank:  1 L_butt:  0     error: 0.0000000E+00
 OneL No.    29 rank:  1 L_butt:  0     error: 0.0000000E+00
 OneL No.    30 rank:  1 L_butt:  0     error: 0.0000000E+00
 OneL No.    31 rank:  1 L_butt:  0     error: 0.0000000E+00
 OneL No.    32 rank:  1 L_butt:  0     error: 0.0000000E+00
 OneL No.    33 rank:  1 L_butt:  0     error: 0.0000000E+00
 OneL No.    34 rank:  1 L_butt:  0     error: 0.0000000E+00
 OneL No.    35 rank:  1 L_butt:  0     error: 0.0000000E+00
 OneL No.    36 rank:  1 L_butt:  0     error: 0.0000000E+00
 OneL No.    37 rank:  1 L_butt:  0     error: 0.0000000E+00
 OneL No.    38 rank:  1 L_butt:  0     error: 0.0000000E+00
 OneL No.    39 rank:  1 L_butt:  0     error: 0.0000000E+00
 OneL No.    40 rank:  1 L_butt:  0     error: 0.0000000E+00
 OneL No.    41 rank:  1 L_butt:  0     error: 0.0000000E+00
 OneL No.    42 rank:  1 L_butt:  0     error: 0.0000000E+00
 OneL No.    43 rank:  1 L_butt:  0     error: 0.0000000E+00
 OneL No.    44 rank:  1 L_butt:  0     error: 0.0000000E+00
 OneL No.    45 rank:  1 L_butt:  0     error: 0.0000000E+00
 OneL No.    46 rank:  1 L_butt:  0     error: 0.0000000E+00
 OneL No.    47 rank:  1 L_butt:  0     error: 0.0000000E+00
 OneL No.    48 rank:  1 L_butt:  0     error: 0.0000000E+00
 OneL No.    49 rank:  1 L_butt:  0     error: 0.0000000E+00
 OneL No.    50 rank:  1 L_butt:  0     error: 0.0000000E+00
 OneL No.    51 rank:  1 L_butt:  0     error: 0.0000000E+00
 OneL No.    52 rank:  1 L_butt:  0     error: 0.0000000E+00
 OneL No.    53 rank:  1 L_butt:  0     error: 0.0000000E+00
 OneL No.    54 rank:  1 L_butt:  0     error: 0.0000000E+00
 OneL No.    55 rank:  1 L_butt:  0     error: 0.0000000E+00
 OneL No.    56 rank:  1 L_butt:  0     error: 0.0000000E+00
 OneL No.    57 rank:  1 L_butt:  0     error: 0.0000000E+00
 OneL No.    58 rank:  1 L_butt:  0     error: 0.0000000E+00
 OneL No.    59 rank:  1 L_butt:  0     error: 0.0000000E+00
 OneL No.    60 rank:  1 L_butt:  0     error: 0.0000000E+00
 OneL No.    61 rank:  1 L_butt:  0     error: 0.0000000E+00
 OneL No.    62 rank:  1 L_butt:  0     error: 0.0000000E+00
 OneL No.    63 rank:  1 L_butt:  0     error: 0.0000000E+00
 OneL No.    64 rank:  1 L_butt:  0     error: 0.0000000E+00
 OneL No.    65 rank:  1 L_butt:  0     error: 0.0000000E+00
 OneL No.    66 rank:  1 L_butt:  0     error: 0.0000000E+00
 OneL No.    67 rank:  1 L_butt:  0     error: 0.0000000E+00
 OneL No.    68 rank:  1 L_butt:  0     error: 0.0000000E+00
 OneL No.    69 rank:  1 L_butt:  0     error: 0.0000000E+00
 OneL No.    70 rank:  1 L_butt:  0     error: 0.0000000E+00
 OneL No.    71 rank:  1 L_butt:  0     error: 0.0000000E+00
 OneL No.    72 rank:  1 L_butt:  0     error: 0.0000000E+00
 OneL No.    73 rank:  1 L_butt:  0     error: 0.0000000E+00
 OneL No.    74 rank:  1 L_butt:  0     error: 0.0000000E+00
 OneL No.    75 rank:  1 L_butt:  0     error: 0.0000000E+00
 OneL No.    76 rank:  1 L_butt:  0     error: 0.0000000E+00
 OneL No.    77 rank:  1 L_butt:  0     error: 0.0000000E+00
 OneL No.    78 rank:  1 L_butt:  0     error: 0.0000000E+00
 OneL No.    79 rank:  1 L_butt:  0     error: 0.0000000E+00
 OneL No.    80 rank:  1 L_butt:  0     error: 0.0000000E+00
 OneL No.    81 rank:  1 L_butt:  0     error: 0.0000000E+00
 OneL No.    82 rank:  1 L_butt:  0     error: 0.0000000E+00
 OneL No.    83 rank:  1 L_butt:  0     error: 0.0000000E+00
 OneL No.    84 rank:  1 L_butt:  0     error: 0.0000000E+00
 OneL No.    85 rank:  1 L_butt:  0     error: 0.0000000E+00
 OneL No.    86 rank:  1 L_butt:  0     error: 0.0000000E+00
 OneL No.    87 rank:  1 L_butt:  0     error: 0.0000000E+00
 OneL No.    88 rank:  1 L_butt:  0     error: 0.0000000E+00
 OneL No.    89 rank:  1 L_butt:  0     error: 0.0000000E+00
 OneL No.    90 rank:  1 L_butt:  0     error: 0.0000000E+00
 OneL No.    91 rank:  1 L_butt:  0     error: 0.0000000E+00
 OneL No.    92 rank:  1 L_butt:  0     error: 0.0000000E+00
 OneL No.    93 rank:  1 L_butt:  0     error: 0.0000000E+00
 OneL No.    94 rank:  1 L_butt:  0     error: 0.0000000E+00
 OneL No.    95 rank:  1 L_butt:  0     error: 0.0000000E+00
 OneL No.    96 rank:  1 L_butt:  0     error: 0.0000000E+00
 OneL No.    97 rank:  1 L_butt:  0     error: 0.0000000E+00
 OneL No.    98 rank:  1 L_butt:  0     error: 0.0000000E+00
 OneL No.    99 rank:  1 L_butt:  0     error: 0.0000000E+00
 OneL No.   100 rank:  1 L_butt:  0     error: 0.0000000E+00
 OneL No.   101 rank:  1 L_butt:  0     error: 0.0000000E+00
 OneL No.   102 rank:  1 L_butt:  0     error: 0.0000000E+00
 OneL No.   103 rank:  1 L_butt:  0     error: 0.0000000E+00
 OneL No.   104 rank:  1 L_butt:  0     error: 0.0000000E+00
 OneL No.   105 rank:  1 L_butt:  0     error: 0.0000000E+00
 OneL No.   106 rank:  1 L_butt:  0     error: 0.0000000E+00
 OneL No.   107 rank:  1 L_butt:  0     error: 0.0000000E+00
 OneL No.   108 rank:  1 L_butt:  0     error: 0.0000000E+00
 OneL No.   109 rank:  1 L_butt:  0     error: 0.0000000E+00
 OneL No.   110 rank:  1 L_butt:  0     error: 0.0000000E+00
 OneL No.   111 rank:  1 L_butt:  0     error: 0.0000000E+00
 OneL No.   112 rank:  1 L_butt:  0     error: 0.0000000E+00
 OneL No.   113 rank:  1 L_butt:  0     error: 0.0000000E+00
 OneL No.   114 rank:  1 L_butt:  0     error: 0.0000000E+00
 OneL No.   115 rank:  1 L_butt:  0     error: 0.0000000E+00
 OneL No.   116 rank:  1 L_butt:  0     error: 0.0000000E+00
 OneL No.   117 rank:  1 L_butt:  0     error: 0.0000000E+00
 OneL No.   118 rank:  1 L_butt:  0     error: 0.0000000E+00
 OneL No.   119 rank:  1 L_butt:  0     error: 0.0000000E+00
 OneL No.   120 rank:  1 L_butt:  0     error: 0.0000000E+00
 OneL No.   121 rank:  1 L_butt:  0     error: 0.0000000E+00
 OneL No.   122 rank:  1 L_butt:  0     error: 0.0000000E+00
 OneL No.   123 rank:  1 L_butt:  0     error: 0.0000000E+00
 OneL No.   124 rank:  1 L_butt:  0     error: 0.0000000E+00
 OneL No.   125 rank:  1 L_butt:  0     error: 0.0000000E+00
 OneL No.   126 rank:  1 L_butt:  0     error: 0.0000000E+00
 OneL No.   127 rank:  1 L_butt:  0     error: 0.0000000E+00
 OneL No.   128 rank:  1 L_butt:  0     error: 0.0000000E+00
 compute block inverse at level:           9
 OneL No.     1 rank:  1 L_butt:  0     error: 0.0000000E+00
 OneL No.     2 rank:  1 L_butt:  0     error: 0.0000000E+00
 OneL No.     3 rank:  1 L_butt:  0     error: 0.0000000E+00
 OneL No.     4 rank:  1 L_butt:  0     error: 0.0000000E+00
 OneL No.     5 rank:  1 L_butt:  0     error: 0.0000000E+00
 OneL No.     6 rank:  1 L_butt:  0     error: 0.0000000E+00
 OneL No.     7 rank:  1 L_butt:  0     error: 0.0000000E+00
 OneL No.     8 rank:  1 L_butt:  0     error: 0.0000000E+00
 OneL No.     9 rank:  1 L_butt:  0     error: 0.0000000E+00
 OneL No.    10 rank:  1 L_butt:  0     error: 0.0000000E+00
 OneL No.    11 rank:  1 L_butt:  0     error: 0.0000000E+00
 OneL No.    12 rank:  1 L_butt:  0     error: 0.0000000E+00
 OneL No.    13 rank:  1 L_butt:  0     error: 0.0000000E+00
 OneL No.    14 rank:  1 L_butt:  0     error: 0.0000000E+00
 OneL No.    15 rank:  1 L_butt:  0     error: 0.0000000E+00
 OneL No.    16 rank:  1 L_butt:  0     error: 0.0000000E+00
 OneL No.    17 rank:  1 L_butt:  0     error: 0.0000000E+00
 OneL No.    18 rank:  1 L_butt:  0     error: 0.0000000E+00
 OneL No.    19 rank:  1 L_butt:  0     error: 0.0000000E+00
 OneL No.    20 rank:  1 L_butt:  0     error: 0.0000000E+00
 OneL No.    21 rank:  1 L_butt:  0     error: 0.0000000E+00
 OneL No.    22 rank:  1 L_butt:  0     error: 0.0000000E+00
 OneL No.    23 rank:  1 L_butt:  0     error: 0.0000000E+00
 OneL No.    24 rank:  1 L_butt:  0     error: 0.0000000E+00
 OneL No.    25 rank:  1 L_butt:  0     error: 0.0000000E+00
 OneL No.    26 rank:  1 L_butt:  0     error: 0.0000000E+00
 OneL No.    27 rank:  1 L_butt:  0     error: 0.0000000E+00
 OneL No.    28 rank:  1 L_butt:  0     error: 0.0000000E+00
 OneL No.    29 rank:  1 L_butt:  0     error: 0.0000000E+00
 OneL No.    30 rank:  1 L_butt:  0     error: 0.0000000E+00
 OneL No.    31 rank:  1 L_butt:  0     error: 0.0000000E+00
 OneL No.    32 rank:  1 L_butt:  0     error: 0.0000000E+00
 OneL No.    33 rank:  1 L_butt:  0     error: 0.0000000E+00
 OneL No.    34 rank:  1 L_butt:  0     error: 0.0000000E+00
 OneL No.    35 rank:  1 L_butt:  0     error: 0.0000000E+00
 OneL No.    36 rank:  1 L_butt:  0     error: 0.0000000E+00
 OneL No.    37 rank:  1 L_butt:  0     error: 0.0000000E+00
 OneL No.    38 rank:  1 L_butt:  0     error: 0.0000000E+00
 OneL No.    39 rank:  1 L_butt:  0     error: 0.0000000E+00
 OneL No.    40 rank:  1 L_butt:  0     error: 0.0000000E+00
 OneL No.    41 rank:  1 L_butt:  0     error: 0.0000000E+00
 OneL No.    42 rank:  1 L_butt:  0     error: 0.0000000E+00
 OneL No.    43 rank:  1 L_butt:  0     error: 0.0000000E+00
 OneL No.    44 rank:  1 L_butt:  0     error: 0.0000000E+00
 OneL No.    45 rank:  1 L_butt:  0     error: 0.0000000E+00
 OneL No.    46 rank:  1 L_butt:  0     error: 0.0000000E+00
 OneL No.    47 rank:  1 L_butt:  0     error: 0.0000000E+00
 OneL No.    48 rank:  1 L_butt:  0     error: 0.0000000E+00
 OneL No.    49 rank:  1 L_butt:  0     error: 0.0000000E+00
 OneL No.    50 rank:  1 L_butt:  0     error: 0.0000000E+00
 OneL No.    51 rank:  1 L_butt:  0     error: 0.0000000E+00
 OneL No.    52 rank:  1 L_butt:  0     error: 0.0000000E+00
 OneL No.    53 rank:  1 L_butt:  0     error: 0.0000000E+00
 OneL No.    54 rank:  1 L_butt:  0     error: 0.0000000E+00
 OneL No.    55 rank:  1 L_butt:  0     error: 0.0000000E+00
 OneL No.    56 rank:  1 L_butt:  0     error: 0.0000000E+00
 OneL No.    57 rank:  1 L_butt:  0     error: 0.0000000E+00
 OneL No.    58 rank:  1 L_butt:  0     error: 0.0000000E+00
 OneL No.    59 rank:  1 L_butt:  0     error: 0.0000000E+00
 OneL No.    60 rank:  1 L_butt:  0     error: 0.0000000E+00
 OneL No.    61 rank:  1 L_butt:  0     error: 0.0000000E+00
 OneL No.    62 rank:  1 L_butt:  0     error: 0.0000000E+00
 OneL No.    63 rank:  1 L_butt:  0     error: 0.0000000E+00
 OneL No.    64 rank:  1 L_butt:  0     error: 0.0000000E+00
 update forward blocks at level:           8
 OneL No.     1 rank:  1 L_butt:  0     error: 0.0000000E+00
 OneL No.     2 rank:  1 L_butt:  0     error: 0.0000000E+00
 OneL No.     3 rank:  1 L_butt:  0     error: 0.0000000E+00
 OneL No.     4 rank:  1 L_butt:  0     error: 0.0000000E+00
 OneL No.     5 rank:  1 L_butt:  0     error: 0.0000000E+00
 OneL No.     6 rank:  1 L_butt:  0     error: 0.0000000E+00
 OneL No.     7 rank:  1 L_butt:  0     error: 0.0000000E+00
 OneL No.     8 rank:  1 L_butt:  0     error: 0.0000000E+00
 OneL No.     9 rank:  1 L_butt:  0     error: 0.0000000E+00
 OneL No.    10 rank:  1 L_butt:  0     error: 0.0000000E+00
 OneL No.    11 rank:  1 L_butt:  0     error: 0.0000000E+00
 OneL No.    12 rank:  1 L_butt:  0     error: 0.0000000E+00
 OneL No.    13 rank:  1 L_butt:  0     error: 0.0000000E+00
 OneL No.    14 rank:  1 L_butt:  0     error: 0.0000000E+00
 OneL No.    15 rank:  1 L_butt:  0     error: 0.0000000E+00
 OneL No.    16 rank:  1 L_butt:  0     error: 0.0000000E+00
 OneL No.    17 rank:  1 L_butt:  0     error: 0.0000000E+00
 OneL No.    18 rank:  1 L_butt:  0     error: 0.0000000E+00
 OneL No.    19 rank:  1 L_butt:  0     error: 0.0000000E+00
 OneL No.    20 rank:  1 L_butt:  0     error: 0.0000000E+00
 OneL No.    21 rank:  1 L_butt:  0     error: 0.0000000E+00
 OneL No.    22 rank:  1 L_butt:  0     error: 0.0000000E+00
 OneL No.    23 rank:  1 L_butt:  0     error: 0.0000000E+00
 OneL No.    24 rank:  1 L_butt:  0     error: 0.0000000E+00
 OneL No.    25 rank:  1 L_butt:  0     error: 0.0000000E+00
 OneL No.    26 rank:  1 L_butt:  0     error: 0.0000000E+00
 OneL No.    27 rank:  1 L_butt:  0     error: 0.0000000E+00
 OneL No.    28 rank:  1 L_butt:  0     error: 0.0000000E+00
 OneL No.    29 rank:  1 L_butt:  0     error: 0.0000000E+00
 OneL No.    30 rank:  1 L_butt:  0     error: 0.0000000E+00
 OneL No.    31 rank:  1 L_butt:  0     error: 0.0000000E+00
 OneL No.    32 rank:  1 L_butt:  0     error: 0.0000000E+00
 OneL No.    33 rank:  1 L_butt:  0     error: 0.0000000E+00
 OneL No.    34 rank:  1 L_butt:  0     error: 0.0000000E+00
 OneL No.    35 rank:  1 L_butt:  0     error: 0.0000000E+00
 OneL No.    36 rank:  1 L_butt:  0     error: 0.0000000E+00
 OneL No.    37 rank:  1 L_butt:  0     error: 0.0000000E+00
 OneL No.    38 rank:  1 L_butt:  0     error: 0.0000000E+00
 OneL No.    39 rank:  1 L_butt:  0     error: 0.0000000E+00
 OneL No.    40 rank:  1 L_butt:  0     error: 0.0000000E+00
 OneL No.    41 rank:  1 L_butt:  0     error: 0.0000000E+00
 OneL No.    42 rank:  1 L_butt:  0     error: 0.0000000E+00
 OneL No.    43 rank:  1 L_butt:  0     error: 0.0000000E+00
 OneL No.    44 rank:  1 L_butt:  0     error: 0.0000000E+00
 OneL No.    45 rank:  1 L_butt:  0     error: 0.0000000E+00
 OneL No.    46 rank:  1 L_butt:  0     error: 0.0000000E+00
 OneL No.    47 rank:  1 L_butt:  0     error: 0.0000000E+00
 OneL No.    48 rank:  1 L_butt:  0     error: 0.0000000E+00
 OneL No.    49 rank:  1 L_butt:  0     error: 0.0000000E+00
 OneL No.    50 rank:  1 L_butt:  0     error: 0.0000000E+00
 OneL No.    51 rank:  1 L_butt:  0     error: 0.0000000E+00
 OneL No.    52 rank:  1 L_butt:  0     error: 0.0000000E+00
 OneL No.    53 rank:  1 L_butt:  0     error: 0.0000000E+00
 OneL No.    54 rank:  1 L_butt:  0     error: 0.0000000E+00
 OneL No.    55 rank:  1 L_butt:  0     error: 0.0000000E+00
 OneL No.    56 rank:  1 L_butt:  0     error: 0.0000000E+00
 OneL No.    57 rank:  1 L_butt:  0     error: 0.0000000E+00
 OneL No.    58 rank:  1 L_butt:  0     error: 0.0000000E+00
 OneL No.    59 rank:  1 L_butt:  0     error: 0.0000000E+00
 OneL No.    60 rank:  1 L_butt:  0     error: 0.0000000E+00
 OneL No.    61 rank:  1 L_butt:  0     error: 0.0000000E+00
 OneL No.    62 rank:  1 L_butt:  0     error: 0.0000000E+00
 OneL No.    63 rank:  1 L_butt:  0     error: 0.0000000E+00
 OneL No.    64 rank:  1 L_butt:  0     error: 0.0000000E+00
 compute block inverse at level:           8
 OneL No.     1 rank:  1 L_butt:  0     error: 0.0000000E+00
 OneL No.     2 rank:  1 L_butt:  0     error: 0.0000000E+00
 OneL No.     3 rank:  1 L_butt:  0     error: 0.0000000E+00
 OneL No.     4 rank:  1 L_butt:  0     error: 0.0000000E+00
 OneL No.     5 rank:  1 L_butt:  0     error: 0.0000000E+00
 OneL No.     6 rank:  1 L_butt:  0     error: 0.0000000E+00
 OneL No.     7 rank:  1 L_butt:  0     error: 0.0000000E+00
 OneL No.     8 rank:  1 L_butt:  0     error: 0.0000000E+00
 OneL No.     9 rank:  1 L_butt:  0     error: 0.0000000E+00
 OneL No.    10 rank:  1 L_butt:  0     error: 0.0000000E+00
 OneL No.    11 rank:  1 L_butt:  0     error: 0.0000000E+00
 OneL No.    12 rank:  1 L_butt:  0     error: 0.0000000E+00
 OneL No.    13 rank:  1 L_butt:  0     error: 0.0000000E+00
 OneL No.    14 rank:  1 L_butt:  0     error: 0.0000000E+00
 OneL No.    15 rank:  1 L_butt:  0     error: 0.0000000E+00
 OneL No.    16 rank:  1 L_butt:  0     error: 0.0000000E+00
 OneL No.    17 rank:  1 L_butt:  0     error: 0.0000000E+00
 OneL No.    18 rank:  1 L_butt:  0     error: 0.0000000E+00
 OneL No.    19 rank:  1 L_butt:  0     error: 0.0000000E+00
 OneL No.    20 rank:  1 L_butt:  0     error: 0.0000000E+00
 OneL No.    21 rank:  1 L_butt:  0     error: 0.0000000E+00
 OneL No.    22 rank:  1 L_butt:  0     error: 0.0000000E+00
 OneL No.    23 rank:  1 L_butt:  0     error: 0.0000000E+00
 OneL No.    24 rank:  1 L_butt:  0     error: 0.0000000E+00
 OneL No.    25 rank:  1 L_butt:  0     error: 0.0000000E+00
 OneL No.    26 rank:  1 L_butt:  0     error: 0.0000000E+00
 OneL No.    27 rank:  1 L_butt:  0     error: 0.0000000E+00
 OneL No.    28 rank:  1 L_butt:  0     error: 0.0000000E+00
 OneL No.    29 rank:  1 L_butt:  0     error: 0.0000000E+00
 OneL No.    30 rank:  1 L_butt:  0     error: 0.0000000E+00
 OneL No.    31 rank:  1 L_butt:  0     error: 0.0000000E+00
 OneL No.    32 rank:  1 L_butt:  0     error: 0.0000000E+00
 update forward blocks at level:           7
 OneL No.     1 rank:  1 L_butt:  0     error: 0.0000000E+00
 OneL No.     2 rank:  1 L_butt:  0     error: 0.0000000E+00
 OneL No.     3 rank:  1 L_butt:  0     error: 0.0000000E+00
 OneL No.     4 rank:  1 L_butt:  0     error: 0.0000000E+00
 OneL No.     5 rank:  1 L_butt:  0     error: 0.0000000E+00
 OneL No.     6 rank:  1 L_butt:  0     error: 0.0000000E+00
 OneL No.     7 rank:  1 L_butt:  0     error: 0.0000000E+00
 OneL No.     8 rank:  1 L_butt:  0     error: 0.0000000E+00
 OneL No.     9 rank:  1 L_butt:  0     error: 0.0000000E+00
 OneL No.    10 rank:  1 L_butt:  0     error: 0.0000000E+00
 OneL No.    11 rank:  1 L_butt:  0     error: 0.0000000E+00
 OneL No.    12 rank:  1 L_butt:  0     error: 0.0000000E+00
 OneL No.    13 rank:  1 L_butt:  0     error: 0.0000000E+00
 OneL No.    14 rank:  1 L_butt:  0     error: 0.0000000E+00
 OneL No.    15 rank:  1 L_butt:  0     error: 0.0000000E+00
 OneL No.    16 rank:  1 L_butt:  0     error: 0.0000000E+00
 OneL No.    17 rank:  1 L_butt:  0     error: 0.0000000E+00
 OneL No.    18 rank:  1 L_butt:  0     error: 0.0000000E+00
 OneL No.    19 rank:  1 L_butt:  0     error: 0.0000000E+00
 OneL No.    20 rank:  1 L_butt:  0     error: 0.0000000E+00
 OneL No.    21 rank:  1 L_butt:  0     error: 0.0000000E+00
 OneL No.    22 rank:  1 L_butt:  0     error: 0.0000000E+00
 OneL No.    23 rank:  1 L_butt:  0     error: 0.0000000E+00
 OneL No.    24 rank:  1 L_butt:  0     error: 0.0000000E+00
 OneL No.    25 rank:  1 L_butt:  0     error: 0.0000000E+00
 OneL No.    26 rank:  1 L_butt:  0     error: 0.0000000E+00
 OneL No.    27 rank:  1 L_butt:  0     error: 0.0000000E+00
 OneL No.    28 rank:  1 L_butt:  0     error: 0.0000000E+00
 OneL No.    29 rank:  1 L_butt:  0     error: 0.0000000E+00
 OneL No.    30 rank:  1 L_butt:  0     error: 0.0000000E+00
 OneL No.    31 rank:  1 L_butt:  0     error: 0.0000000E+00
 OneL No.    32 rank:  1 L_butt:  0     error: 0.0000000E+00
 compute block inverse at level:           7
 OneL No.     1 rank:  1 L_butt:  0     error: 0.0000000E+00
 OneL No.     2 rank:  1 L_butt:  0     error: 0.0000000E+00
 OneL No.     3 rank:  1 L_butt:  0     error: 0.0000000E+00
 OneL No.     4 rank:  1 L_butt:  0     error: 0.0000000E+00
 OneL No.     5 rank:  1 L_butt:  0     error: 0.0000000E+00
 OneL No.     6 rank:  1 L_butt:  0     error: 0.0000000E+00
 OneL No.     7 rank:  1 L_butt:  0     error: 0.0000000E+00
 OneL No.     8 rank:  1 L_butt:  0     error: 0.0000000E+00
 OneL No.     9 rank:  1 L_butt:  0     error: 0.0000000E+00
 OneL No.    10 rank:  1 L_butt:  0     error: 0.0000000E+00
 OneL No.    11 rank:  1 L_butt:  0     error: 0.0000000E+00
 OneL No.    12 rank:  1 L_butt:  0     error: 0.0000000E+00
 OneL No.    13 rank:  1 L_butt:  0     error: 0.0000000E+00
 OneL No.    14 rank:  1 L_butt:  0     error: 0.0000000E+00
 OneL No.    15 rank:  1 L_butt:  0     error: 0.0000000E+00
 OneL No.    16 rank:  1 L_butt:  0     error: 0.0000000E+00
 update forward blocks at level:           6
 OneL No.     1 rank:  1 L_butt:  0     error: 0.0000000E+00
 OneL No.     2 rank:  1 L_butt:  0     error: 0.0000000E+00
 OneL No.     3 rank:  1 L_butt:  0     error: 0.0000000E+00
 OneL No.     4 rank:  1 L_butt:  0     error: 0.0000000E+00
 OneL No.     5 rank:  1 L_butt:  0     error: 0.0000000E+00
 OneL No.     6 rank:  1 L_butt:  0     error: 0.0000000E+00
 OneL No.     7 rank:  1 L_butt:  0     error: 0.0000000E+00
 OneL No.     8 rank:  1 L_butt:  0     error: 0.0000000E+00
 OneL No.     9 rank:  1 L_butt:  0     error: 0.0000000E+00
 OneL No.    10 rank:  1 L_butt:  0     error: 0.0000000E+00
 OneL No.    11 rank:  1 L_butt:  0     error: 0.0000000E+00
 OneL No.    12 rank:  1 L_butt:  0     error: 0.0000000E+00
 OneL No.    13 rank:  1 L_butt:  0     error: 0.0000000E+00
 OneL No.    14 rank:  1 L_butt:  0     error: 0.0000000E+00
 OneL No.    15 rank:  1 L_butt:  0     error: 0.0000000E+00
 OneL No.    16 rank:  1 L_butt:  0     error: 0.0000000E+00
 compute block inverse at level:           6
 OneL No.     1 rank:  1 L_butt:  0     error: 0.0000000E+00
 OneL No.     2 rank:  1 L_butt:  0     error: 0.0000000E+00
 OneL No.     3 rank:  1 L_butt:  0     error: 0.0000000E+00
 OneL No.     4 rank:  1 L_butt:  0     error: 0.0000000E+00
 OneL No.     5 rank:  1 L_butt:  0     error: 0.0000000E+00
 OneL No.     6 rank:  1 L_butt:  0     error: 0.0000000E+00
 OneL No.     7 rank:  1 L_butt:  0     error: 0.0000000E+00
 OneL No.     8 rank:  1 L_butt:  0     error: 0.0000000E+00
 update forward blocks at level:           5
 OneL No.     1 rank:  1 L_butt:  0     error: 0.0000000E+00
 OneL No.     2 rank:  1 L_butt:  0     error: 0.0000000E+00
 OneL No.     3 rank:  1 L_butt:  0     error: 0.0000000E+00
 OneL No.     4 rank:  1 L_butt:  0     error: 0.0000000E+00
 OneL No.     5 rank:  1 L_butt:  0     error: 0.0000000E+00
 OneL No.     6 rank:  1 L_butt:  0     error: 0.0000000E+00
 OneL No.     7 rank:  1 L_butt:  0     error: 0.0000000E+00
 OneL No.     8 rank:  1 L_butt:  0     error: 0.0000000E+00
 compute block inverse at level:           5
 OneL No.     1 rank:  1 L_butt:  0     error: 0.0000000E+00
 OneL No.     2 rank:  1 L_butt:  0     error: 0.0000000E+00
 OneL No.     3 rank:  1 L_butt:  0     error: 0.0000000E+00
 OneL No.     4 rank:  1 L_butt:  0     error: 0.0000000E+00
 update forward blocks at level:           4
 OneL No.     1 rank:  1 L_butt:  0     error: 0.0000000E+00
 OneL No.     2 rank:  1 L_butt:  0     error: 0.0000000E+00
 OneL No.     3 rank:  1 L_butt:  0     error: 0.0000000E+00
 OneL No.     4 rank:  1 L_butt:  0     error: 0.0000000E+00
 compute block inverse at level:           4
 OneL No.     1 rank:  1 L_butt:  0     error: 0.0000000E+00
 OneL No.     2 rank:  1 L_butt:  0     error: 0.0000000E+00
 update forward blocks at level:           3
 OneL No.     1 rank:  1 L_butt:  0     error: 0.0000000E+00
 OneL No.     2 rank:  1 L_butt:  0     error: 0.0000000E+00
 compute block inverse at level:           3
 OneL No.     1 rank:  1 L_butt:  0     error: 0.0000000E+00
 update forward blocks at level:           2
 OneL No.     1 rank:  1 L_butt:  0     error: 0.0000000E+00
 compute block inverse at level:           2
 OneL No.     1 rank:  1 L_butt:  0     error: 0.0000000E+00
 update forward blocks at level:           1
 OneL No.     1 rank:  1 L_butt:  0     error: 0.0000000E+00
 compute block inverse at level:           1
 OneL No.     1 rank:  1 L_butt:  0     error: 0.0000000E+00
 computing updated forward block time:   2.7032880112528801E-002 Seconds
 computing inverse block time:   2.5242567062377930E-003 Seconds
      Time_Init:   5.1549077033996582E-004
      Time_MVP:   0.0000000000000000     
      Time_Reconstruct:   0.0000000000000000     
      Time_Onesub:   0.0000000000000000     
      Time_OneBlock_XX:   0.0000000000000000     
      Time_SMW:   5.7242438197135925E-004
      Time_PartialUpdate:   0.0000000000000000     
      Time_RedistB:   6.2898173928260803E-004
      Time_RedistV:   2.0482046678662300     
 time_tmp   0.0000000000000000     
 time_tmp1   24.683221710845828     
 time_tmp2   24.950720248743892     
 time_tmp3   0.0000000000000000     
 time_tmp4   0.0000000000000000     
 time_tmp5   0.0000000000000000     
 Factorization flops:      1.39E+09
 
   4.5040000000000004      MB costed for butterfly inverse blocks
   9.0000000000000000      MB costed for butterfly Sblocks
   31.251999999999960      MB costed for direct inverse blocks
   0.0000000000000000      MB costed for storing intermidiate vectors
 
 Solve ......
 Solve finished
     
|x-xtrue|/|xtrue| for inverse FIO: 4.83014e-10
Printing stats of the second HODLR: 
         Constr time:      2.58E+01 Seconds
      EntryEval time:      0.00E+00 Seconds
      traversal time:      0.00E+00 Seconds
     BF compute time:      0.00E+00 Seconds
    communicate time:      0.00E+00 Seconds
      Tot constr mem:      4.03E+01 MB
        Constr flops:      2.78E+09
  Rank before factor:             1
         Factor time:      1.38E-01 Seconds
      Tot factor mem:      4.48E+01 MB
        Factor flops:      1.39E+09
   Rank after factor:             1
          Solve time:      1.61E-02 Seconds
         Solve flops:      2.29E+07
         C_mult time:      0.00E+00 Seconds
        C_mult flops:      0.00E+00
      C_extract time:      0.00E+00 Seconds
     C_extract flops:      0.00E+00
            Peak mem:      2.20E+01 MB
